[debug] [2025-12-12T17:34:49.004Z] ----------------------------------------------------------------------
[debug] [2025-12-12T17:34:49.007Z] Command:       C:\Program Files\nodejs\node.exe D:\npm-global\node_modules\firebase-tools\lib\bin\firebase.js init
[debug] [2025-12-12T17:34:49.007Z] CLI Version:   15.0.0
[debug] [2025-12-12T17:34:49.007Z] Platform:      win32
[debug] [2025-12-12T17:34:49.007Z] Node Version:  v22.14.0
[debug] [2025-12-12T17:34:49.008Z] Time:          Fri Dec 12 2025 23:04:49 GMT+0530 (India Standard Time)
[debug] [2025-12-12T17:34:49.008Z] ----------------------------------------------------------------------
[debug] 
[debug] [2025-12-12T17:34:49.011Z] >>> [apiv2][query] GET https://firebase-public.firebaseio.com/cli.json [none]
[info] 
     ######## #### ########  ######## ########     ###     ######  ########
     ##        ##  ##     ## ##       ##     ##  ##   ##  ##       ##
     ######    ##  ########  ######   ########  #########  ######  ######
     ##        ##  ##    ##  ##       ##     ## ##     ##       ## ##
     ##       #### ##     ## ######## ########  ##     ##  ######  ########

You're about to initialize a Firebase project in this directory:

  D:\EY HACHATHON

Before we get started, keep in mind:

  * You are initializing within an existing Firebase project directory

[debug] [2025-12-12T17:34:57.065Z] <<< [apiv2][status] GET https://firebase-public.firebaseio.com/cli.json 200
[debug] [2025-12-12T17:34:57.065Z] <<< [apiv2][body] GET https://firebase-public.firebaseio.com/cli.json {"cloudBuildErrorAfter":1594252800000,"cloudBuildWarnAfter":1590019200000,"defaultNode10After":1594252800000,"minVersion":"3.0.5","node8DeploysDisabledAfter":1613390400000,"node8RuntimeDisabledAfter":1615809600000,"node8WarnAfter":1600128000000}
[debug] [2025-12-12T17:35:39.521Z] ExitPromptError: User force closed the prompt with SIGINT
    at Interface.sigint (D:\npm-global\node_modules\firebase-tools\node_modules\@inquirer\core\dist\commonjs\lib\create-prompt.js:101:37)
    at Interface.emit (node:events:518:28)
    at [_ttyWrite] [as _ttyWrite] (node:internal/readline/interface:1124:18)
    at ReadStream.onkeypress (node:internal/readline/interface:263:20)
    at ReadStream.emit (node:events:530:35)
    at emitKeys (node:internal/readline/utils:370:14)
    at emitKeys.next (<anonymous>)
    at ReadStream.onData (node:internal/readline/emitKeypressEvents:64:36)
    at ReadStream.emit (node:events:518:28)
    at addChunk (node:internal/streams/readable:561:12)
[error] 
[error] Error: An unexpected error has occurred.
